<?xml version="1.0" encoding="UTF-8"?>
<!-- Generated by org.testng.reporters.JUnitXMLReporter -->
<testsuite ignored="6" hostname="DESKTOP-IM8GM8O" failures="0" tests="2" name="Default test" time="22.314" errors="0" timestamp="2023-03-21T14:00:03 CDT">
  <testcase classname="pageTest.HomePageTest" name="clickOnDealLinkTest" time="0.464"/>
  <testcase classname="pageTest.HomePageTest" name="clickOnSameDayLinkTest" time="1.594"/>
  <testcase classname="pageTest.HomePageTest" name="clickOnGroceryLinkTest" time="0.0">
    <ignored/>
  </testcase> <!-- clickOnGroceryLinkTest -->
  <testcase classname="pageTest.HomePageTest" name="clickOnSignButtonTest" time="0.0">
    <ignored/>
  </testcase> <!-- clickOnSignButtonTest -->
  <testcase classname="pageTest.HomePageTest" name="clickOnSignTest" time="0.0">
    <ignored/>
  </testcase> <!-- clickOnSignTest -->
  <testcase classname="pageTest.HomePageTest" name="clickOnCartTest" time="0.0">
    <ignored/>
  </testcase> <!-- clickOnCartTest -->
  <testcase classname="pageTest.HomePageTest" name="clickOnOrderlinkTest" time="0.0">
    <ignored/>
  </testcase> <!-- clickOnOrderlinkTest -->
  <testcase classname="pageTest.HomePageTest" name="clickOnSearchFieldTest" time="0.0">
    <ignored/>
  </testcase> <!-- clickOnSearchFieldTest -->
</testsuite> <!-- Default test -->
