<?xml version="1.0" encoding="UTF-8"?>
<testng-results ignored="6" total="8" passed="2" failed="0" skipped="0">
  <reporter-output>
  </reporter-output>
  <suite started-at="2023-03-21T13:59:41 CDT" name="Default suite" finished-at="2023-03-21T14:00:03 CDT" duration-ms="22314">
    <groups>
    </groups>
    <test started-at="2023-03-21T13:59:41 CDT" name="Default test" finished-at="2023-03-21T14:00:03 CDT" duration-ms="22314">
      <class name="pageTest.HomePageTest">
        <test-method is-config="true" signature="setUp()[pri:0, instance:pageTest.HomePageTest@49049a04]" started-at="2023-03-21T13:59:41 CDT" name="setUp" finished-at="2023-03-21T13:59:51 CDT" duration-ms="10119" status="PASS">
          <reporter-output>
          </reporter-output>
        </test-method> <!-- setUp -->
        <test-method signature="clickOnDealLinkTest()[pri:0, instance:pageTest.HomePageTest@49049a04]" started-at="2023-03-21T13:59:51 CDT" name="clickOnDealLinkTest" finished-at="2023-03-21T13:59:52 CDT" duration-ms="464" status="PASS">
          <reporter-output>
          </reporter-output>
        </test-method> <!-- clickOnDealLinkTest -->
        <test-method is-config="true" signature="tearUp()[pri:0, instance:pageTest.HomePageTest@49049a04]" started-at="2023-03-21T13:59:52 CDT" name="tearUp" finished-at="2023-03-21T13:59:52 CDT" duration-ms="576" status="PASS">
          <reporter-output>
          </reporter-output>
        </test-method> <!-- tearUp -->
        <test-method is-config="true" signature="setUp()[pri:0, instance:pageTest.HomePageTest@49049a04]" started-at="2023-03-21T13:59:52 CDT" name="setUp" finished-at="2023-03-21T14:00:01 CDT" duration-ms="8944" status="PASS">
          <reporter-output>
          </reporter-output>
        </test-method> <!-- setUp -->
        <test-method signature="clickOnSameDayLinkTest()[pri:0, instance:pageTest.HomePageTest@49049a04]" started-at="2023-03-21T14:00:01 CDT" name="clickOnSameDayLinkTest" finished-at="2023-03-21T14:00:03 CDT" duration-ms="1594" status="PASS">
          <reporter-output>
          </reporter-output>
        </test-method> <!-- clickOnSameDayLinkTest -->
        <test-method is-config="true" signature="tearUp()[pri:0, instance:pageTest.HomePageTest@49049a04]" started-at="2023-03-21T14:00:03 CDT" name="tearUp" finished-at="2023-03-21T14:00:03 CDT" duration-ms="496" status="PASS">
          <reporter-output>
          </reporter-output>
        </test-method> <!-- tearUp -->
      </class> <!-- pageTest.HomePageTest -->
    </test> <!-- Default test -->
  </suite> <!-- Default suite -->
</testng-results>
